<?xml version="1.0" encoding="UTF-8"?>
<!-- Generated by org.testng.reporters.JUnitXMLReporter -->
<testsuite hostname="UBQDT00047" ignored="0" name="Test" tests="1" failures="1" timestamp="16 Mar 2022 05:26:07 GMT" time="9.238" errors="0">
  <testcase name="loginPage" time="0.33" classname="pageObjectTest.LoginPageTest">
    <failure type="java.lang.NullPointerException">
      <![CDATA[java.lang.NullPointerException
at dmsStructure.StructurePart.WebDriverCommonLib.highLightElement(WebDriverCommonLib.java:57)
at pageObjectTest.LoginPageTest.loginPage(LoginPageTest.java:32)
... Removed 25 stack frames]]>
    </failure>
  </testcase> <!-- loginPage -->
</testsuite> <!-- Test -->
