<?xml version="1.0" encoding="UTF-8"?>
<testng-results skipped="0" failed="0" ignored="0" total="1" passed="1">
  <reporter-output>
  </reporter-output>
  <suite name="Default suite" duration-ms="40812" started-at="2022-03-22T07:34:28Z" finished-at="2022-03-22T07:35:09Z">
    <groups>
    </groups>
    <test name="Default test" duration-ms="40812" started-at="2022-03-22T07:34:28Z" finished-at="2022-03-22T07:35:09Z">
      <class name="pageObjectTest.LoginPageTest">
        <test-method status="PASS" signature="initialize()[pri:0, instance:pageObjectTest.LoginPageTest@399c4be1]" name="initialize" is-config="true" duration-ms="14599" started-at="2022-03-22T07:34:28Z" finished-at="2022-03-22T07:34:43Z">
          <reporter-output>
          </reporter-output>
        </test-method> <!-- initialize -->
        <test-method status="PASS" signature="loginPage()[pri:0, instance:pageObjectTest.LoginPageTest@399c4be1]" name="loginPage" duration-ms="26160" started-at="2022-03-22T07:34:43Z" finished-at="2022-03-22T07:35:09Z">
          <reporter-output>
          </reporter-output>
        </test-method> <!-- loginPage -->
      </class> <!-- pageObjectTest.LoginPageTest -->
    </test> <!-- Default test -->
  </suite> <!-- Default suite -->
</testng-results>
